<?xml version="1.0" encoding="UTF-8"?>
<testsuite name="com.felcross.produtos.business.service.ProdutoServiceTest" tests="4" skipped="0" failures="0" errors="0" timestamp="2026-03-27T21:34:25.945Z" hostname="DESKTOP-DIFT32I" time="1.277">
  <properties/>
  <testcase name="Deve atualizar estoque corretamente" classname="com.felcross.produtos.business.service.ProdutoServiceTest" time="1.244"/>
  <testcase name="Deve lançar BusinessException quando estoque for menor que o solicitado" classname="com.felcross.produtos.business.service.ProdutoServiceTest" time="0.01"/>
  <testcase name="Deve criar um produto com sucesso" classname="com.felcross.produtos.business.service.ProdutoServiceTest" time="0.011"/>
  <testcase name="Deve lançar ResourceNotFoundException ao buscar ID inexistente" classname="com.felcross.produtos.business.service.ProdutoServiceTest" time="0.007"/>
  <system-out><![CDATA[]]></system-out>
  <system-err><![CDATA[Mockito is currently self-attaching to enable the inline-mock-maker. This will no longer work in future releases of the JDK. Please add Mockito as an agent to your build as described in Mockito's documentation: https://javadoc.io/doc/org.mockito/mockito-core/latest/org.mockito/org/mockito/Mockito.html#0.3
WARNING: A Java agent has been loaded dynamically (/home/fcross/.gradle/caches/modules-2/files-2.1/net.bytebuddy/byte-buddy-agent/1.17.8/f09415827a71be7ed621c7bd02550678f28bc81c/byte-buddy-agent-1.17.8.jar)
WARNING: If a serviceability tool is in use, please run with -XX:+EnableDynamicAgentLoading to hide this warning
WARNING: If a serviceability tool is not in use, please run with -Djdk.instrument.traceUsage for more information
WARNING: Dynamic loading of agents will be disallowed by default in a future release
]]></system-err>
</testsuite>
